\BOOKMARK [0][-]{chapter.1}{\376\377\0001\000\040\000D\000a\000t\000a\000\040\000S\000t\000r\000u\000c\000t\000u\000r\000e\000\040\000I\000n\000d\000e\000x}{}% 1
\BOOKMARK [1][-]{section.1.1}{\376\377\0001\000.\0001\000\040\000D\000a\000t\000a\000\040\000S\000t\000r\000u\000c\000t\000u\000r\000e\000s}{chapter.1}% 2
\BOOKMARK [0][-]{chapter.2}{\376\377\0002\000\040\000F\000i\000l\000e\000\040\000I\000n\000d\000e\000x}{}% 3
\BOOKMARK [1][-]{section.2.1}{\376\377\0002\000.\0001\000\040\000F\000i\000l\000e\000\040\000L\000i\000s\000t}{chapter.2}% 4
\BOOKMARK [0][-]{chapter.3}{\376\377\0003\000\040\000D\000a\000t\000a\000\040\000S\000t\000r\000u\000c\000t\000u\000r\000e\000\040\000D\000o\000c\000u\000m\000e\000n\000t\000a\000t\000i\000o\000n}{}% 5
\BOOKMARK [1][-]{section.3.1}{\376\377\0003\000.\0001\000\040\000f\000f\000t\000\137\000c\000o\000n\000f\000i\000g\000\137\000t\000\040\000S\000t\000r\000u\000c\000t\000\040\000R\000e\000f\000e\000r\000e\000n\000c\000e}{chapter.3}% 6
\BOOKMARK [1][-]{section.3.2}{\376\377\0003\000.\0002\000\040\000g\000i\000t\000c\000o\000n\000\137\000c\000o\000n\000t\000e\000x\000t\000\137\000t\000\040\000S\000t\000r\000u\000c\000t\000\040\000R\000e\000f\000e\000r\000e\000n\000c\000e}{chapter.3}% 7
\BOOKMARK [2][-]{subsection.3.2.1}{\376\377\0003\000.\0002\000.\0001\000\040\000D\000e\000t\000a\000i\000l\000e\000d\000\040\000D\000e\000s\000c\000r\000i\000p\000t\000i\000o\000n}{section.3.2}% 8
\BOOKMARK [1][-]{section.3.3}{\376\377\0003\000.\0003\000\040\000i\0002\000s\000\137\000s\000a\000m\000p\000l\000e\000r\000\137\000t\000\040\000S\000t\000r\000u\000c\000t\000\040\000R\000e\000f\000e\000r\000e\000n\000c\000e}{chapter.3}% 9
\BOOKMARK [2][-]{subsection.3.3.1}{\376\377\0003\000.\0003\000.\0001\000\040\000D\000e\000t\000a\000i\000l\000e\000d\000\040\000D\000e\000s\000c\000r\000i\000p\000t\000i\000o\000n}{section.3.3}% 10
\BOOKMARK [1][-]{section.3.4}{\376\377\0003\000.\0004\000\040\000m\000c\000p\0003\0002\0000\0001\000\137\000c\000o\000n\000f\000i\000g\000\137\000t\000\040\000S\000t\000r\000u\000c\000t\000\040\000R\000e\000f\000e\000r\000e\000n\000c\000e}{chapter.3}% 11
\BOOKMARK [1][-]{section.3.5}{\376\377\0003\000.\0005\000\040\000m\000c\000p\0003\0002\0000\0001\000\137\000c\000o\000n\000t\000e\000x\000t\000\137\000t\000\040\000S\000t\000r\000u\000c\000t\000\040\000R\000e\000f\000e\000r\000e\000n\000c\000e}{chapter.3}% 12
\BOOKMARK [2][-]{subsection.3.5.1}{\376\377\0003\000.\0005\000.\0001\000\040\000D\000e\000t\000a\000i\000l\000e\000d\000\040\000D\000e\000s\000c\000r\000i\000p\000t\000i\000o\000n}{section.3.5}% 13
\BOOKMARK [1][-]{section.3.6}{\376\377\0003\000.\0006\000\040\000m\000c\000p\0003\0002\0000\0001\000\137\000s\000a\000m\000p\000l\000e\000r\000\137\000t\000\040\000S\000t\000r\000u\000c\000t\000\040\000R\000e\000f\000e\000r\000e\000n\000c\000e}{chapter.3}% 14
\BOOKMARK [1][-]{section.3.7}{\376\377\0003\000.\0007\000\040\000m\000i\000d\000i\000\137\000c\000o\000n\000f\000i\000g\000\137\000t\000\040\000S\000t\000r\000u\000c\000t\000\040\000R\000e\000f\000e\000r\000e\000n\000c\000e}{chapter.3}% 15
\BOOKMARK [2][-]{subsection.3.7.1}{\376\377\0003\000.\0007\000.\0001\000\040\000D\000e\000t\000a\000i\000l\000e\000d\000\040\000D\000e\000s\000c\000r\000i\000p\000t\000i\000o\000n}{section.3.7}% 16
\BOOKMARK [1][-]{section.3.8}{\376\377\0003\000.\0008\000\040\000m\000i\000d\000i\000\137\000c\000o\000n\000t\000e\000x\000t\000\137\000t\000\040\000S\000t\000r\000u\000c\000t\000\040\000R\000e\000f\000e\000r\000e\000n\000c\000e}{chapter.3}% 17
\BOOKMARK [2][-]{subsection.3.8.1}{\376\377\0003\000.\0008\000.\0001\000\040\000D\000e\000t\000a\000i\000l\000e\000d\000\040\000D\000e\000s\000c\000r\000i\000p\000t\000i\000o\000n}{section.3.8}% 18
\BOOKMARK [1][-]{section.3.9}{\376\377\0003\000.\0009\000\040\000m\000i\000d\000i\000\137\000m\000e\000s\000s\000a\000g\000e\000\137\000t\000\040\000S\000t\000r\000u\000c\000t\000\040\000R\000e\000f\000e\000r\000e\000n\000c\000e}{chapter.3}% 19
\BOOKMARK [2][-]{subsection.3.9.1}{\376\377\0003\000.\0009\000.\0001\000\040\000D\000e\000t\000a\000i\000l\000e\000d\000\040\000D\000e\000s\000c\000r\000i\000p\000t\000i\000o\000n}{section.3.9}% 20
\BOOKMARK [0][-]{chapter.4}{\376\377\0004\000\040\000F\000i\000l\000e\000\040\000D\000o\000c\000u\000m\000e\000n\000t\000a\000t\000i\000o\000n}{}% 21
\BOOKMARK [1][-]{section.4.1}{\376\377\0004\000.\0001\000\040\000C\000:\000/\000U\000s\000e\000r\000s\000/\000S\000m\000o\000n\000/\000s\000o\000u\000r\000c\000e\000/\000M\000T\000A\000P\000-\000M\000I\000D\000I\000-\000G\000u\000i\000t\000a\000r\000-\000C\000o\000n\000v\000e\000r\000t\000e\000r\000/\000f\000i\000r\000m\000w\000a\000r\000e\000/\000M\000I\000D\000I\000-\000T\000e\000s\000t\000i\000n\000g\000/\000i\000n\000c\000l\000u\000d\000e\000/\000c\000o\000n\000f\000i\000g\000.\000h\000\040\000F\000i\000l\000e\000\040\000R\000e\000f\000e\000r\000e\000n\000c\000e}{chapter.4}% 22
\BOOKMARK [1][-]{section.4.2}{\376\377\0004\000.\0002\000\040\000c\000o\000n\000f\000i\000g\000.\000h}{chapter.4}% 23
\BOOKMARK [1][-]{section.4.3}{\376\377\0004\000.\0003\000\040\000p\000r\000o\000c\000e\000s\000s\000e\000d\000-\000d\000a\000t\000a\000.\000h}{chapter.4}% 24
\BOOKMARK [1][-]{section.4.4}{\376\377\0004\000.\0004\000\040\000i\0002\000s\000\137\000s\000a\000m\000p\000l\000e\000r\000.\000h}{chapter.4}% 25
\BOOKMARK [1][-]{section.4.5}{\376\377\0004\000.\0005\000\040\000C\000:\000/\000U\000s\000e\000r\000s\000/\000S\000m\000o\000n\000/\000s\000o\000u\000r\000c\000e\000/\000M\000T\000A\000P\000-\000M\000I\000D\000I\000-\000G\000u\000i\000t\000a\000r\000-\000C\000o\000n\000v\000e\000r\000t\000e\000r\000/\000f\000i\000r\000m\000w\000a\000r\000e\000/\000M\000I\000D\000I\000-\000T\000e\000s\000t\000i\000n\000g\000/\000l\000i\000b\000/\000a\000u\000d\000i\000o\000/\000s\000c\000a\000l\000e\000.\000h\000\040\000F\000i\000l\000e\000\040\000R\000e\000f\000e\000r\000e\000n\000c\000e}{chapter.4}% 26
\BOOKMARK [2][-]{subsection.4.5.1}{\376\377\0004\000.\0005\000.\0001\000\040\000D\000e\000t\000a\000i\000l\000e\000d\000\040\000D\000e\000s\000c\000r\000i\000p\000t\000i\000o\000n}{section.4.5}% 27
\BOOKMARK [2][-]{subsection.4.5.2}{\376\377\0004\000.\0005\000.\0002\000\040\000E\000n\000u\000m\000e\000r\000a\000t\000i\000o\000n\000\040\000T\000y\000p\000e\000\040\000D\000o\000c\000u\000m\000e\000n\000t\000a\000t\000i\000o\000n}{section.4.5}% 28
\BOOKMARK [3][-]{subsubsection.4.5.2.1}{\376\377\0004\000.\0005\000.\0002\000.\0001\000\040\000m\000o\000d\000a\000l\000\137\000n\000a\000m\000e\000\137\000t}{subsection.4.5.2}% 29
\BOOKMARK [2][-]{subsection.4.5.3}{\376\377\0004\000.\0005\000.\0003\000\040\000F\000u\000n\000c\000t\000i\000o\000n\000\040\000D\000o\000c\000u\000m\000e\000n\000t\000a\000t\000i\000o\000n}{section.4.5}% 30
\BOOKMARK [3][-]{subsubsection.4.5.3.1}{\376\377\0004\000.\0005\000.\0003\000.\0001\000\040\000a\000d\000c\000\137\000t\000o\000\137\000n\000u\000m\000\050\000\051}{subsection.4.5.3}% 31
\BOOKMARK [3][-]{subsubsection.4.5.3.2}{\376\377\0004\000.\0005\000.\0003\000.\0002\000\040\000a\000d\000c\000\137\000t\000o\000\137\000p\000i\000t\000c\000h\000\050\000\051}{subsection.4.5.3}% 32
\BOOKMARK [3][-]{subsubsection.4.5.3.3}{\376\377\0004\000.\0005\000.\0003\000.\0003\000\040\000g\000e\000t\000\137\000k\000e\000y\000\137\000n\000a\000m\000e\000\050\000\051}{subsection.4.5.3}% 33
\BOOKMARK [3][-]{subsubsection.4.5.3.4}{\376\377\0004\000.\0005\000.\0003\000.\0004\000\040\000g\000e\000t\000\137\000k\000e\000y\000\137\000n\000u\000m\000\050\000\051}{subsection.4.5.3}% 34
\BOOKMARK [3][-]{subsubsection.4.5.3.5}{\376\377\0004\000.\0005\000.\0003\000.\0005\000\040\000g\000e\000t\000\137\000m\000o\000d\000a\000l\000\137\000n\000a\000m\000e\000\050\000\051}{subsection.4.5.3}% 35
\BOOKMARK [3][-]{subsubsection.4.5.3.6}{\376\377\0004\000.\0005\000.\0003\000.\0006\000\040\000g\000e\000t\000\137\000p\000i\000t\000c\000h\000\137\000h\000z\000\050\000\051}{subsection.4.5.3}% 36
\BOOKMARK [3][-]{subsubsection.4.5.3.7}{\376\377\0004\000.\0005\000.\0003\000.\0007\000\040\000p\000r\000i\000n\000t\000\137\000k\000e\000y\000\137\000n\000a\000m\000e\000\050\000\051}{subsection.4.5.3}% 37
\BOOKMARK [1][-]{section.4.6}{\376\377\0004\000.\0006\000\040\000s\000c\000a\000l\000e\000.\000h}{chapter.4}% 38
\BOOKMARK [1][-]{section.4.7}{\376\377\0004\000.\0007\000\040\000f\000f\000t\000.\000h}{chapter.4}% 39
\BOOKMARK [1][-]{section.4.8}{\376\377\0004\000.\0008\000\040\000C\000:\000/\000U\000s\000e\000r\000s\000/\000S\000m\000o\000n\000/\000s\000o\000u\000r\000c\000e\000/\000M\000T\000A\000P\000-\000M\000I\000D\000I\000-\000G\000u\000i\000t\000a\000r\000-\000C\000o\000n\000v\000e\000r\000t\000e\000r\000/\000f\000i\000r\000m\000w\000a\000r\000e\000/\000M\000I\000D\000I\000-\000T\000e\000s\000t\000i\000n\000g\000/\000l\000i\000b\000/\000m\000c\000p\0003\0002\0000\0001\000/\000m\000c\000p\0003\0002\0000\0001\000.\000c\000\040\000F\000i\000l\000e\000\040\000R\000e\000f\000e\000r\000e\000n\000c\000e}{chapter.4}% 40
\BOOKMARK [2][-]{subsection.4.8.1}{\376\377\0004\000.\0008\000.\0001\000\040\000D\000e\000t\000a\000i\000l\000e\000d\000\040\000D\000e\000s\000c\000r\000i\000p\000t\000i\000o\000n}{section.4.8}% 41
\BOOKMARK [2][-]{subsection.4.8.2}{\376\377\0004\000.\0008\000.\0002\000\040\000F\000u\000n\000c\000t\000i\000o\000n\000\040\000D\000o\000c\000u\000m\000e\000n\000t\000a\000t\000i\000o\000n}{section.4.8}% 42
\BOOKMARK [3][-]{subsubsection.4.8.2.1}{\376\377\0004\000.\0008\000.\0002\000.\0001\000\040\000m\000c\000p\0003\0002\0000\0001\000\137\000e\000x\000i\000t\000\050\000\051}{subsection.4.8.2}% 43
\BOOKMARK [1][-]{section.4.9}{\376\377\0004\000.\0009\000\040\000C\000:\000/\000U\000s\000e\000r\000s\000/\000S\000m\000o\000n\000/\000s\000o\000u\000r\000c\000e\000/\000M\000T\000A\000P\000-\000M\000I\000D\000I\000-\000G\000u\000i\000t\000a\000r\000-\000C\000o\000n\000v\000e\000r\000t\000e\000r\000/\000f\000i\000r\000m\000w\000a\000r\000e\000/\000M\000I\000D\000I\000-\000T\000e\000s\000t\000i\000n\000g\000/\000l\000i\000b\000/\000m\000c\000p\0003\0002\0000\0001\000/\000m\000c\000p\0003\0002\0000\0001\000.\000h\000\040\000F\000i\000l\000e\000\040\000R\000e\000f\000e\000r\000e\000n\000c\000e}{chapter.4}% 44
\BOOKMARK [2][-]{subsection.4.9.1}{\376\377\0004\000.\0009\000.\0001\000\040\000D\000e\000t\000a\000i\000l\000e\000d\000\040\000D\000e\000s\000c\000r\000i\000p\000t\000i\000o\000n}{section.4.9}% 45
\BOOKMARK [2][-]{subsection.4.9.2}{\376\377\0004\000.\0009\000.\0002\000\040\000F\000u\000n\000c\000t\000i\000o\000n\000\040\000D\000o\000c\000u\000m\000e\000n\000t\000a\000t\000i\000o\000n}{section.4.9}% 46
\BOOKMARK [3][-]{subsubsection.4.9.2.1}{\376\377\0004\000.\0009\000.\0002\000.\0001\000\040\000m\000c\000p\0003\0002\0000\0001\000\137\000e\000x\000i\000t\000\050\000\051}{subsection.4.9.2}% 47
\BOOKMARK [3][-]{subsubsection.4.9.2.2}{\376\377\0004\000.\0009\000.\0002\000.\0002\000\040\000m\000c\000p\0003\0002\0000\0001\000\137\000i\000n\000i\000t\000\050\000\051}{subsection.4.9.2}% 48
\BOOKMARK [3][-]{subsubsection.4.9.2.3}{\376\377\0004\000.\0009\000.\0002\000.\0003\000\040\000m\000c\000p\0003\0002\0000\0001\000\137\000r\000e\000a\000d\000\050\000\051}{subsection.4.9.2}% 49
\BOOKMARK [3][-]{subsubsection.4.9.2.4}{\376\377\0004\000.\0009\000.\0002\000.\0004\000\040\000m\000c\000p\0003\0002\0000\0001\000\137\000s\000a\000m\000p\000l\000e\000r\000\137\000s\000t\000a\000r\000t\000\050\000\051}{subsection.4.9.2}% 50
\BOOKMARK [3][-]{subsubsection.4.9.2.5}{\376\377\0004\000.\0009\000.\0002\000.\0005\000\040\000m\000c\000p\0003\0002\0000\0001\000\137\000s\000a\000m\000p\000l\000e\000r\000\137\000s\000t\000o\000p\000\050\000\051}{subsection.4.9.2}% 51
\BOOKMARK [1][-]{section.4.10}{\376\377\0004\000.\0001\0000\000\040\000m\000c\000p\0003\0002\0000\0001\000.\000h}{chapter.4}% 52
\BOOKMARK [1][-]{section.4.11}{\376\377\0004\000.\0001\0001\000\040\000C\000:\000/\000U\000s\000e\000r\000s\000/\000S\000m\000o\000n\000/\000s\000o\000u\000r\000c\000e\000/\000M\000T\000A\000P\000-\000M\000I\000D\000I\000-\000G\000u\000i\000t\000a\000r\000-\000C\000o\000n\000v\000e\000r\000t\000e\000r\000/\000f\000i\000r\000m\000w\000a\000r\000e\000/\000M\000I\000D\000I\000-\000T\000e\000s\000t\000i\000n\000g\000/\000l\000i\000b\000/\000m\000i\000d\000i\000/\000m\000i\000d\000i\000.\000c\000\040\000F\000i\000l\000e\000\040\000R\000e\000f\000e\000r\000e\000n\000c\000e}{chapter.4}% 53
\BOOKMARK [2][-]{subsection.4.11.1}{\376\377\0004\000.\0001\0001\000.\0001\000\040\000D\000e\000t\000a\000i\000l\000e\000d\000\040\000D\000e\000s\000c\000r\000i\000p\000t\000i\000o\000n}{section.4.11}% 54
\BOOKMARK [2][-]{subsection.4.11.2}{\376\377\0004\000.\0001\0001\000.\0002\000\040\000F\000u\000n\000c\000t\000i\000o\000n\000\040\000D\000o\000c\000u\000m\000e\000n\000t\000a\000t\000i\000o\000n}{section.4.11}% 55
\BOOKMARK [3][-]{subsubsection.4.11.2.1}{\376\377\0004\000.\0001\0001\000.\0002\000.\0001\000\040\000m\000i\000d\000i\000\137\000e\000x\000i\000t\000\050\000\051}{subsection.4.11.2}% 56
\BOOKMARK [3][-]{subsubsection.4.11.2.2}{\376\377\0004\000.\0001\0001\000.\0002\000.\0002\000\040\000m\000i\000d\000i\000\137\000r\000e\000a\000d\000\050\000\051}{subsection.4.11.2}% 57
\BOOKMARK [3][-]{subsubsection.4.11.2.3}{\376\377\0004\000.\0001\0001\000.\0002\000.\0003\000\040\000m\000i\000d\000i\000\137\000w\000r\000i\000t\000e\000\050\000\051}{subsection.4.11.2}% 58
\BOOKMARK [1][-]{section.4.12}{\376\377\0004\000.\0001\0002\000\040\000C\000:\000/\000U\000s\000e\000r\000s\000/\000S\000m\000o\000n\000/\000s\000o\000u\000r\000c\000e\000/\000M\000T\000A\000P\000-\000M\000I\000D\000I\000-\000G\000u\000i\000t\000a\000r\000-\000C\000o\000n\000v\000e\000r\000t\000e\000r\000/\000f\000i\000r\000m\000w\000a\000r\000e\000/\000M\000I\000D\000I\000-\000T\000e\000s\000t\000i\000n\000g\000/\000l\000i\000b\000/\000m\000i\000d\000i\000/\000m\000i\000d\000i\000.\000h\000\040\000F\000i\000l\000e\000\040\000R\000e\000f\000e\000r\000e\000n\000c\000e}{chapter.4}% 59
\BOOKMARK [2][-]{subsection.4.12.1}{\376\377\0004\000.\0001\0002\000.\0001\000\040\000D\000e\000t\000a\000i\000l\000e\000d\000\040\000D\000e\000s\000c\000r\000i\000p\000t\000i\000o\000n}{section.4.12}% 60
\BOOKMARK [2][-]{subsection.4.12.2}{\376\377\0004\000.\0001\0002\000.\0002\000\040\000E\000n\000u\000m\000e\000r\000a\000t\000i\000o\000n\000\040\000T\000y\000p\000e\000\040\000D\000o\000c\000u\000m\000e\000n\000t\000a\000t\000i\000o\000n}{section.4.12}% 61
\BOOKMARK [3][-]{subsubsection.4.12.2.1}{\376\377\0004\000.\0001\0002\000.\0002\000.\0001\000\040\000m\000i\000d\000i\000\137\000s\000t\000a\000t\000u\000s\000\137\000t}{subsection.4.12.2}% 62
\BOOKMARK [2][-]{subsection.4.12.3}{\376\377\0004\000.\0001\0002\000.\0003\000\040\000F\000u\000n\000c\000t\000i\000o\000n\000\040\000D\000o\000c\000u\000m\000e\000n\000t\000a\000t\000i\000o\000n}{section.4.12}% 63
\BOOKMARK [3][-]{subsubsection.4.12.3.1}{\376\377\0004\000.\0001\0002\000.\0003\000.\0001\000\040\000m\000i\000d\000i\000\137\000e\000x\000i\000t\000\050\000\051}{subsection.4.12.3}% 64
\BOOKMARK [3][-]{subsubsection.4.12.3.2}{\376\377\0004\000.\0001\0002\000.\0003\000.\0002\000\040\000m\000i\000d\000i\000\137\000i\000n\000i\000t\000\050\000\051}{subsection.4.12.3}% 65
\BOOKMARK [3][-]{subsubsection.4.12.3.3}{\376\377\0004\000.\0001\0002\000.\0003\000.\0003\000\040\000m\000i\000d\000i\000\137\000r\000e\000a\000d\000\050\000\051}{subsection.4.12.3}% 66
\BOOKMARK [3][-]{subsubsection.4.12.3.4}{\376\377\0004\000.\0001\0002\000.\0003\000.\0004\000\040\000m\000i\000d\000i\000\137\000w\000r\000i\000t\000e\000\050\000\051}{subsection.4.12.3}% 67
\BOOKMARK [1][-]{section.4.13}{\376\377\0004\000.\0001\0003\000\040\000m\000i\000d\000i\000.\000h}{chapter.4}% 68
\BOOKMARK [1][-]{section.4.14}{\376\377\0004\000.\0001\0004\000\040\000C\000:\000/\000U\000s\000e\000r\000s\000/\000S\000m\000o\000n\000/\000s\000o\000u\000r\000c\000e\000/\000M\000T\000A\000P\000-\000M\000I\000D\000I\000-\000G\000u\000i\000t\000a\000r\000-\000C\000o\000n\000v\000e\000r\000t\000e\000r\000/\000f\000i\000r\000m\000w\000a\000r\000e\000/\000M\000I\000D\000I\000-\000T\000e\000s\000t\000i\000n\000g\000/\000s\000r\000c\000/\000g\000i\000t\000c\000o\000n\000.\000c\000\040\000F\000i\000l\000e\000\040\000R\000e\000f\000e\000r\000e\000n\000c\000e}{chapter.4}% 69
\BOOKMARK [2][-]{subsection.4.14.1}{\376\377\0004\000.\0001\0004\000.\0001\000\040\000D\000e\000t\000a\000i\000l\000e\000d\000\040\000D\000e\000s\000c\000r\000i\000p\000t\000i\000o\000n}{section.4.14}% 70
\BOOKMARK [2][-]{subsection.4.14.2}{\376\377\0004\000.\0001\0004\000.\0002\000\040\000F\000u\000n\000c\000t\000i\000o\000n\000\040\000D\000o\000c\000u\000m\000e\000n\000t\000a\000t\000i\000o\000n}{section.4.14}% 71
\BOOKMARK [3][-]{subsubsection.4.14.2.1}{\376\377\0004\000.\0001\0004\000.\0002\000.\0001\000\040\000g\000i\000t\000c\000o\000n\000\137\000e\000x\000i\000t\000\050\000\051}{subsection.4.14.2}% 72
\BOOKMARK [1][-]{section.4.15}{\376\377\0004\000.\0001\0005\000\040\000C\000:\000/\000U\000s\000e\000r\000s\000/\000S\000m\000o\000n\000/\000s\000o\000u\000r\000c\000e\000/\000M\000T\000A\000P\000-\000M\000I\000D\000I\000-\000G\000u\000i\000t\000a\000r\000-\000C\000o\000n\000v\000e\000r\000t\000e\000r\000/\000f\000i\000r\000m\000w\000a\000r\000e\000/\000M\000I\000D\000I\000-\000T\000e\000s\000t\000i\000n\000g\000/\000s\000r\000c\000/\000g\000i\000t\000c\000o\000n\000.\000h\000\040\000F\000i\000l\000e\000\040\000R\000e\000f\000e\000r\000e\000n\000c\000e}{chapter.4}% 73
\BOOKMARK [2][-]{subsection.4.15.1}{\376\377\0004\000.\0001\0005\000.\0001\000\040\000D\000e\000t\000a\000i\000l\000e\000d\000\040\000D\000e\000s\000c\000r\000i\000p\000t\000i\000o\000n}{section.4.15}% 74
\BOOKMARK [2][-]{subsection.4.15.2}{\376\377\0004\000.\0001\0005\000.\0002\000\040\000F\000u\000n\000c\000t\000i\000o\000n\000\040\000D\000o\000c\000u\000m\000e\000n\000t\000a\000t\000i\000o\000n}{section.4.15}% 75
\BOOKMARK [3][-]{subsubsection.4.15.2.1}{\376\377\0004\000.\0001\0005\000.\0002\000.\0001\000\040\000g\000i\000t\000c\000o\000n\000\137\000e\000x\000i\000t\000\050\000\051}{subsection.4.15.2}% 76
\BOOKMARK [3][-]{subsubsection.4.15.2.2}{\376\377\0004\000.\0001\0005\000.\0002\000.\0002\000\040\000g\000i\000t\000c\000o\000n\000\137\000i\000n\000i\000t\000\050\000\051}{subsection.4.15.2}% 77
\BOOKMARK [1][-]{section.4.16}{\376\377\0004\000.\0001\0006\000\040\000g\000i\000t\000c\000o\000n\000.\000h}{chapter.4}% 78
\BOOKMARK [1][-]{section.4.17}{\376\377\0004\000.\0001\0007\000\040\000C\000:\000/\000U\000s\000e\000r\000s\000/\000S\000m\000o\000n\000/\000s\000o\000u\000r\000c\000e\000/\000M\000T\000A\000P\000-\000M\000I\000D\000I\000-\000G\000u\000i\000t\000a\000r\000-\000C\000o\000n\000v\000e\000r\000t\000e\000r\000/\000f\000i\000r\000m\000w\000a\000r\000e\000/\000M\000I\000D\000I\000-\000T\000e\000s\000t\000i\000n\000g\000/\000s\000r\000c\000/\000m\000a\000i\000n\000.\000c\000\040\000F\000i\000l\000e\000\040\000R\000e\000f\000e\000r\000e\000n\000c\000e}{chapter.4}% 79
\BOOKMARK [2][-]{subsection.4.17.1}{\376\377\0004\000.\0001\0007\000.\0001\000\040\000D\000e\000t\000a\000i\000l\000e\000d\000\040\000D\000e\000s\000c\000r\000i\000p\000t\000i\000o\000n}{section.4.17}% 80
\BOOKMARK [0][-]{section*.36}{\376\377\000I\000n\000d\000e\000x}{}% 81
